<?xml version="1.0" encoding="UTF-8"?>
<testng-results skipped="0" failed="0" ignored="0" total="1" passed="1">
  <reporter-output>
  </reporter-output>
  <suite name="Demo" duration-ms="106417" started-at="2019-03-15T06:57:33Z" finished-at="2019-03-15T06:59:19Z">
    <groups>
    </groups>
    <test name="SignUp" duration-ms="106417" started-at="2019-03-15T06:57:33Z" finished-at="2019-03-15T06:59:19Z">
      <class name="com.test.cases.TestCase2">
        <test-method status="PASS" signature="beforeMethod(java.lang.String, java.lang.String, java.lang.String)[pri:0, instance:com.test.cases.TestCase2@1139b2f3]" name="beforeMethod" is-config="true" duration-ms="6399" started-at="2019-03-15T06:57:33Z" finished-at="2019-03-15T06:57:39Z">
          <params>
            <param index="0">
              <value>
                <![CDATA[C:/Users/kushal_g/workspace/DemoAUT/TestData/MasterData.xlsx]]>
              </value>
            </param>
            <param index="1">
              <value>
                <![CDATA[http://newtours.demoaut.com/]]>
              </value>
            </param>
            <param index="2">
              <value>
                <![CDATA[C:/My Data/Selenium Training HCL/chromedriver_win32/chromedriver.exe]]>
              </value>
            </param>
          </params>
          <reporter-output>
          </reporter-output>
        </test-method> <!-- beforeMethod -->
        <test-method status="PASS" signature="TC02()[pri:0, instance:com.test.cases.TestCase2@1139b2f3]" name="TC02" duration-ms="32923" started-at="2019-03-15T06:57:39Z" finished-at="2019-03-15T06:58:12Z">
          <reporter-output>
          </reporter-output>
        </test-method> <!-- TC02 -->
        <test-method status="PASS" signature="afterMethod()[pri:0, instance:com.test.cases.TestCase2@1139b2f3]" name="afterMethod" is-config="true" duration-ms="67074" started-at="2019-03-15T06:58:12Z" finished-at="2019-03-15T06:59:19Z">
          <reporter-output>
          </reporter-output>
        </test-method> <!-- afterMethod -->
      </class> <!-- com.test.cases.TestCase2 -->
    </test> <!-- SignUp -->
  </suite> <!-- Demo -->
</testng-results>
